c[?7l[2J[0mSeaBIOS (version 1.15.0-1)


iPXE (https://ipxe.org) 00:03.0 CA00 PCI2.10 PnP PMM+07F8B4A0+07ECB4A0 CA00
Press Ctrl-B to configure iPXE (PCI 00:03.0)...                                                                               


Booting from Hard Disk..(THU.CST) os is loading ...

Special kernel symbols:
  entry  0xc0100036 (phys)
  etext  0xc0108f55 (phys)
  edata  0xc0126000 (phys)
  end    0xc0127114 (phys)
Kernel executable memory footprint: 157KB
ebp:0xc0122f38 eip:0xc01009f5 args:0x00010094 0x00010094 0xc0122f68 0xc01000d3
    kern/debug/kdebug.c:309: print_stackframe+21
ebp:0xc0122f48 eip:0xc0100d15 args:0x00000000 0x00000000 0x00000000 0xc0122fb8
    kern/debug/kmonitor.c:129: mon_backtrace+10
ebp:0xc0122f68 eip:0xc01000d3 args:0x00000000 0xc0122f90 0xffff0000 0xc0122f94
    kern/init/init.c:57: grade_backtrace2+33
ebp:0xc0122f88 eip:0xc0100101 args:0x00000000 0xffff0000 0xc0122fb4 0x0000002a
    kern/init/init.c:62: grade_backtrace1+40
ebp:0xc0122fa8 eip:0xc0100121 args:0x00000000 0xc0100036 0xffff0000 0x0000001d
    kern/init/init.c:67: grade_backtrace0+23
ebp:0xc0122fc8 eip:0xc0100149 args:0xc0108f7c 0xc0108f60 0x00001114 0x00000000
    kern/init/init.c:72: grade_backtrace+34
ebp:0xc0122ff8 eip:0xc0100087 args:0xc0109118 0xc0109120 0xc0100c99 0xc010913f
    kern/init/init.c:32: kern_init+80
memory management: default_pmm_manager
e820map:
  memory: 0009fc00, [00000000, 0009fbff], type = 1.
  memory: 00000400, [0009fc00, 0009ffff], type = 2.
  memory: 00010000, [000f0000, 000fffff], type = 2.
  memory: 07ee0000, [00100000, 07fdffff], type = 1.
  memory: 00020000, [07fe0000, 07ffffff], type = 2.
  memory: 00040000, [fffc0000, ffffffff], type = 2.
check_alloc_page() succeeded!
check_pgdir() succeeded!
check_boot_pgdir() succeeded!
-------------------- BEGIN --------------------
PDE(0e0) c0000000-f8000000 38000000 urw
  |-- PTE(38000) c0000000-f8000000 38000000 -rw
PDE(001) fac00000-fb000000 00400000 -rw
  |-- PTE(000e0) faf00000-fafe0000 000e0000 urw
  |-- PTE(00001) fafeb000-fafec000 00001000 -rw
--------------------- END ---------------------
check_vma_struct() succeeded!
page fault at 0x00000100: K/W [no page found].
check_pgfault() succeeded!
check_vmm() succeeded.
ide 0:      10000(sectors), 'QEMU HARDDISK'.
ide 1:     262144(sectors), 'QEMU HARDDISK'.
SWAP: manager = fifo swap manager
BEGIN check_swap: count 1, total 31961
setup Page Table for vaddr 0X1000, so alloc a page
setup Page Table vaddr 0~4MB OVER!
set up init env for check_swap begin!
page fault at 0x00001000: K/W [no page found].
page fault at 0x00002000: K/W [no page found].
page fault at 0x00003000: K/W [no page found].
page fault at 0x00004000: K/W [no page found].
set up init env for check_swap over!
write Virt Page c in fifo_check_swap
write Virt Page a in fifo_check_swap
write Virt Page d in fifo_check_swap
write Virt Page b in fifo_check_swap
write Virt Page e in fifo_check_swap
page fault at 0x00005000: K/W [no page found].
swap_out: i 0, store page in vaddr 0x1000 to disk swap entry 2
write Virt Page b in fifo_check_swap
write Virt Page a in fifo_check_swap
page fault at 0x00001000: K/W [no page found].
swap_out: i 0, store page in vaddr 0x2000 to disk swap entry 3
swap_in: load disk swap entry 2 with swap_page in vadr 0x1000
write Virt Page b in fifo_check_swap
page fault at 0x00002000: K/W [no page found].
swap_out: i 0, store page in vaddr 0x3000 to disk swap entry 4
swap_in: load disk swap entry 3 with swap_page in vadr 0x2000
write Virt Page c in fifo_check_swap
page fault at 0x00003000: K/W [no page found].
swap_out: i 0, store page in vaddr 0x4000 to disk swap entry 5
swap_in: load disk swap entry 4 with swap_page in vadr 0x3000
write Virt Page d in fifo_check_swap
page fault at 0x00004000: K/W [no page found].
swap_out: i 0, store page in vaddr 0x5000 to disk swap entry 6
swap_in: load disk swap entry 5 with swap_page in vadr 0x4000
write Virt Page e in fifo_check_swap
page fault at 0x00005000: K/W [no page found].
swap_out: i 0, store page in vaddr 0x1000 to disk swap entry 2
swap_in: load disk swap entry 6 with swap_page in vadr 0x5000
write Virt Page a in fifo_check_swap
page fault at 0x00001000: K/R [no page found].
swap_out: i 0, store page in vaddr 0x2000 to disk swap entry 3
swap_in: load disk swap entry 2 with swap_page in vadr 0x1000
count is 0, total is 7
check_swap() succeeded!
++ setup timer interrupts
100 ticks
End of Test.
kernel panic at kern/trap/trap.c:20:
    EOT: kernel seems ok.
stack trackback:
ebp:0xc0122ee0 eip:0xc01009f5 args:0xc010924c 0xc0122f24 0x00000014 0xc0122f5c
    kern/debug/kdebug.c:309: print_stackframe+21
ebp:0xc0122f10 eip:0xc0100d86 args:0xc01093ee 0x00000014 0xc01093d8 0x00000000
    kern/debug/panic.c:27: __panic+103
ebp:0xc0122f30 eip:0xc01021fa args:0xc0122f68 0xc0100369 0xc0100318 0xc0122f5c
    kern/trap/trap.c:0: print_ticks+65
ebp:0xc0122f60 eip:0xc01027b5 args:0xc0122f8c 0xc010038e 0xc010927c 0xc0122fa4
    kern/trap/trap.c:203: trap_dispatch+178
ebp:0xc0122f80 eip:0xc01029e4 args:0xc0122f8c 0x0000807c 0x00010094 0xc0122ff8
    kern/trap/trap.c:279: trap+16
ebp:0xc0122ff8 eip:0xc01029ff args:0xc0109118 0xc0109120 0xc0100c99 0xc010913f
    kern/trap/trapentry.S:24: <unknown>+0
Welcome to the kernel debug monitor!!
Type 'help' for a list of commands.
K> 