(THU.CST) os is loading ...

Special kernel symbols:
  entry  0x00100000 (phys)
  etext  0x00103519 (phys)
  edata  0x0010ea16 (phys)
  end    0x0010fd20 (phys)
Kernel executable memory footprint: 64KB
ebp:0x00007b08 eip:0x001009b7 args:args:0x00010094 0x00000000 0x00007b38 0x00100097
    kern/debug/kdebug.c:306: print_stackframe+22
ebp:0x00007b18 eip:0x00100caa args:args:0x00000000 0x00000000 0x00000000 0x00007b88
    kern/debug/kmonitor.c:125: mon_backtrace+10
ebp:0x00007b38 eip:0x00100097 args:args:0x00000000 0x00007b60 0xffff0000 0x00007b64
    kern/init/init.c:48: grade_backtrace2+33
ebp:0x00007b58 eip:0x001000c0 args:args:0x00000000 0xffff0000 0x00007b84 0x00000029
    kern/init/init.c:53: grade_backtrace1+38
ebp:0x00007b78 eip:0x001000de args:args:0x00000000 0x00100000 0xffff0000 0x0000001d
    kern/init/init.c:58: grade_backtrace0+23
ebp:0x00007b98 eip:0x00100103 args:args:0x0010353c 0x00103520 0x0000130a 0x00000000
    kern/init/init.c:63: grade_backtrace+34
ebp:0x00007bc8 eip:0x00100055 args:args:0x00000000 0x00000000 0x00000000 0x00010094
    kern/init/init.c:28: kern_init+84
ebp:0x00007bf8 eip:0x00007d68 args:args:0xc031fcfa 0xc08ed88e 0x64e4d08e 0xfa7502a8
    <unknow>: -- 0x00007d67 --
++ setup timer interrupts
0: @ring 0
0:  cs = 8
0:  ds = 10
0:  es = 10
0:  ss = 10
+++ switch to  user  mode +++
1: @ring 3
1:  cs = 1b
1:  ds = 23
1:  es = 23
1:  ss = 23
+++ switch to kernel mode +++
2: @ring 0
2:  cs = 8
2:  ds = 10
2:  es = 10
2:  ss = 10
100 ticks
End of Test.
kernel panic at kern/trap/trap.c:18:
    EOT: kernel seems ok.
stack trackback:
ebp:0x00007ab0 eip:0x001009b7 args:args:0x0010381c 0x00007af4 0x00000012 0x00000000
    kern/debug/kdebug.c:306: print_stackframe+22
ebp:0x00007ae0 eip:0x00100d1b args:args:0x001038ce 0x00000012 0x001038b8 0x00007b0c
    kern/debug/panic.c:27: __panic+105
ebp:0x00007b00 eip:0x0010184b args:args:0x00007b2c 0x0000000c 0x00010094 0x00000000
    kern/trap/trap.c:18: print_ticks+65
ebp:0x00007b30 eip:0x00101cfe args:args:0x00007b5c 0x0000000c 0x001035a7 0x00000000
    kern/trap/trap.c:155: trap_dispatch+121
ebp:0x00007b50 eip:0x00101e0b args:args:0x00007b5c 0x00000001 0x00000000 0x00007bc8
    kern/trap/trap.c:206: trap+16
ebp:0x00007bc8 eip:0x00101e23 args:args:0x00000000 0x00000000 0x00000000 0x00010094
    kern/trap/trapentry.S:24: <unknown>+0
ebp:0x00007bf8 eip:0x00007d68 args:args:0xc031fcfa 0xc08ed88e 0x64e4d08e 0xfa7502a8
    <unknow>: -- 0x00007d67 --
Welcome to the kernel debug monitor!!
Type 'help' for a list of commands.
