c[?7l[2J[0mSeaBIOS (version rel-1.12.1-0-ga5cab58e9a3f-prebuilt.qemu.org)


iPXE (http://ipxe.org) 00:03.0 C980 PCI2.10 PnP PMM+07F91410+07EF1410 C980
Press Ctrl-B to configure iPXE (PCI 00:03.0)...                                                                               


Booting from Hard Disk..(THU.CST) os is loading ...

Special kernel symbols:
  entry  0xc0100036 (phys)
  etext  0xc010a0c5 (phys)
  edata  0xc012b000 (phys)
  end    0xc012e154 (phys)
Kernel executable memory footprint: 185KB
ebp:0xc0127f38 eip:0xc01009fd args:0x00010094 0x00010094 0xc0127f68 0xc01000db
    kern/debug/kdebug.c:309: print_stackframe+21
ebp:0xc0127f48 eip:0xc0100d1d args:0x00000000 0x00000000 0x00000000 0xc0127fb8
    kern/debug/kmonitor.c:129: mon_backtrace+10
ebp:0xc0127f68 eip:0xc01000db args:0x00000000 0xc0127f90 0xffff0000 0xc0127f94
    kern/init/init.c:58: grade_backtrace2+33
ebp:0xc0127f88 eip:0xc0100109 args:0x00000000 0xffff0000 0xc0127fb4 0x0000002a
    kern/init/init.c:63: grade_backtrace1+40
ebp:0xc0127fa8 eip:0xc0100129 args:0x00000000 0xc0100036 0xffff0000 0x0000001d
    kern/init/init.c:68: grade_backtrace0+23
ebp:0xc0127fc8 eip:0xc0100151 args:0xc010a0fc 0xc010a0e0 0x00003154 0x00000000
    kern/init/init.c:73: grade_backtrace+34
ebp:0xc0127ff8 eip:0xc0100087 args:0xc010a298 0xc010a2a0 0xc0100ca1 0xc010a2bf
    kern/init/init.c:33: kern_init+80
memory management: default_pmm_manager
e820map:
  memory: 0009fc00, [00000000, 0009fbff], type = 1.
  memory: 00000400, [0009fc00, 0009ffff], type = 2.
  memory: 00010000, [000f0000, 000fffff], type = 2.
  memory: 07ee0000, [00100000, 07fdffff], type = 1.
  memory: 00020000, [07fe0000, 07ffffff], type = 2.
  memory: 00040000, [fffc0000, ffffffff], type = 2.
check_alloc_page() succeeded!
check_pgdir() succeeded!
check_boot_pgdir() succeeded!
-------------------- BEGIN --------------------
PDE(0e0) c0000000-f8000000 38000000 urw
  |-- PTE(38000) c0000000-f8000000 38000000 -rw
PDE(001) fac00000-fb000000 00400000 -rw
  |-- PTE(000e0) faf00000-fafe0000 000e0000 urw
  |-- PTE(00001) fafeb000-fafec000 00001000 -rw
--------------------- END ---------------------
use SLOB allocator
kmalloc_init() succeeded!
check_vma_struct() succeeded!
page fault at 0x00000100: K/W [no page found].
check_pgfault() succeeded!
check_vmm() succeeded.
ide 0:      10000(sectors), 'QEMU HARDDISK'.
ide 1:     262144(sectors), 'QEMU HARDDISK'.
SWAP: manager = fifo swap manager
BEGIN check_swap: count 1, total 31951
setup Page Table for vaddr 0X1000, so alloc a page
setup Page Table vaddr 0~4MB OVER!
set up init env for check_swap begin!
page fault at 0x00001000: K/W [no page found].
page fault at 0x00002000: K/W [no page found].
page fault at 0x00003000: K/W [no page found].
page fault at 0x00004000: K/W [no page found].
set up init env for check_swap over!
write Virt Page c in fifo_check_swap
write Virt Page a in fifo_check_swap
write Virt Page d in fifo_check_swap
write Virt Page b in fifo_check_swap
write Virt Page e in fifo_check_swap
page fault at 0x00005000: K/W [no page found].
swap_out: i 0, store page in vaddr 0x1000 to disk swap entry 2
write Virt Page b in fifo_check_swap
write Virt Page a in fifo_check_swap
page fault at 0x00001000: K/W [no page found].
swap_out: i 0, store page in vaddr 0x2000 to disk swap entry 3
swap_in: load disk swap entry 2 with swap_page in vadr 0x1000
write Virt Page b in fifo_check_swap
page fault at 0x00002000: K/W [no page found].
swap_out: i 0, store page in vaddr 0x3000 to disk swap entry 4
swap_in: load disk swap entry 3 with swap_page in vadr 0x2000
write Virt Page c in fifo_check_swap
page fault at 0x00003000: K/W [no page found].
swap_out: i 0, store page in vaddr 0x4000 to disk swap entry 5
swap_in: load disk swap entry 4 with swap_page in vadr 0x3000
write Virt Page d in fifo_check_swap
page fault at 0x00004000: K/W [no page found].
swap_out: i 0, store page in vaddr 0x5000 to disk swap entry 6
swap_in: load disk swap entry 5 with swap_page in vadr 0x4000
write Virt Page e in fifo_check_swap
page fault at 0x00005000: K/W [no page found].
swap_out: i 0, store page in vaddr 0x1000 to disk swap entry 2
swap_in: load disk swap entry 6 with swap_page in vadr 0x5000
write Virt Page a in fifo_check_swap
page fault at 0x00001000: K/R [no page found].
swap_out: i 0, store page in vaddr 0x2000 to disk swap entry 3
swap_in: load disk swap entry 2 with swap_page in vadr 0x1000
count is 0, total is 5
check_swap() succeeded!
++ setup timer interrupts
this initproc, pid = 1, name = "init"
To U: "Hello world!!".
To U: "en.., Bye, Bye. :)"
kernel panic at kern/process/proc.c:403:
    process exit!!.

stack trackback:
ebp:0xc0310f98 eip:0xc01009fd args:0xc010a3cc 0xc0310fdc 0x00000193 0xc0310fcc
    kern/debug/kdebug.c:309: print_stackframe+21
ebp:0xc0310fc8 eip:0xc0100d8e args:0xc010c0c9 0x00000193 0xc010c0dd 0xc012e144
    kern/debug/panic.c:27: __panic+103
ebp:0xc0310fe8 eip:0xc01090db args:0x00000000 0xc010c15c 0x00000000 0x00000010
    kern/process/proc.c:403: do_exit+33
Welcome to the kernel debug monitor!!
Type 'help' for a list of commands.
K> 